{"level":"info","message":"Server is running on port 3001","timestamp":"2025-11-19T17:39:39.589Z"}
{"level":"info","message":"Inngest endpoint available at http://localhost:3001","timestamp":"2025-11-19T17:39:39.600Z"}
{"level":"info","message":"Server is running on port 3001","timestamp":"2025-11-19T17:39:39.585Z"}
{"level":"info","message":"Server is running on port 3001","timestamp":"2025-11-19T17:39:39.589Z"}
{"level":"info","message":"Inngest endpoint available at http://localhost:3001","timestamp":"2025-11-19T17:39:39.594Z"}
{"level":"info","message":"Inngest endpoint available at http://localhost:3001","timestamp":"2025-11-19T17:39:39.602Z"}
{"level":"info","message":"Server is running on port 3001","timestamp":"2025-11-19T17:46:11.755Z"}
{"level":"info","message":"Inngest endpoint available at http://localhost:3001","timestamp":"2025-11-19T17:46:11.757Z"}
{"level":"info","message":"Server is running on port 3001","timestamp":"2025-11-19T17:46:11.770Z"}
{"level":"info","message":"Inngest endpoint available at http://localhost:3001","timestamp":"2025-11-19T17:46:11.773Z"}
{"level":"info","message":"Server is running on port 3001","timestamp":"2025-11-19T17:48:03.056Z"}
{"level":"info","message":"Inngest endpoint available at http://localhost:3001","timestamp":"2025-11-19T17:48:03.060Z"}
{"level":"info","message":"Server is running on port 3001","timestamp":"2025-11-19T17:48:03.063Z"}
{"level":"info","message":"Inngest endpoint available at http://localhost:3001","timestamp":"2025-11-19T17:48:03.068Z"}
{"level":"info","message":"Server is running on port 3001","timestamp":"2025-11-19T18:04:49.429Z"}
{"level":"info","message":"Inngest endpoint available at http://localhost:3001","timestamp":"2025-11-19T18:04:49.432Z"}
{"level":"info","message":"Server is running on port 3001","timestamp":"2025-11-19T18:04:49.457Z"}
{"level":"info","message":"Inngest endpoint available at http://localhost:3001","timestamp":"2025-11-19T18:04:49.460Z"}
{"level":"info","message":"Server is running on port 3001","timestamp":"2025-11-19T18:08:49.304Z"}
{"level":"info","message":"Inngest endpoint available at http://localhost:3001","timestamp":"2025-11-19T18:08:49.310Z"}
{"level":"info","message":"Server is running on port 3001","timestamp":"2025-11-19T18:08:49.317Z"}
{"level":"info","message":"Inngest endpoint available at http://localhost:3001","timestamp":"2025-11-19T18:08:49.329Z"}
{"level":"info","message":"Server is running on port 3001","timestamp":"2025-11-19T18:08:55.516Z"}
{"level":"info","message":"Inngest endpoint available at http://localhost:3001","timestamp":"2025-11-19T18:08:55.520Z"}
{"level":"info","message":"Server is running on port 3001","timestamp":"2025-11-19T18:08:55.517Z"}
{"level":"info","message":"Inngest endpoint available at http://localhost:3001","timestamp":"2025-11-19T18:08:55.523Z"}
{"level":"info","message":"Server is running on port 3001","timestamp":"2025-11-19T18:08:58.666Z"}
{"level":"info","message":"Inngest endpoint available at http://localhost:3001","timestamp":"2025-11-19T18:08:58.669Z"}
{"level":"info","message":"Server is running on port 3001","timestamp":"2025-11-19T18:08:58.674Z"}
{"level":"info","message":"Inngest endpoint available at http://localhost:3001","timestamp":"2025-11-19T18:08:58.677Z"}
{"level":"info","message":"Server is running on port 3001","timestamp":"2025-11-19T18:09:40.509Z"}
{"level":"info","message":"Inngest endpoint available at http://localhost:3001","timestamp":"2025-11-19T18:09:40.512Z"}
{"level":"info","message":"Server is running on port 3001","timestamp":"2025-11-19T18:09:40.512Z"}
{"level":"info","message":"Inngest endpoint available at http://localhost:3001","timestamp":"2025-11-19T18:09:40.515Z"}
{"level":"info","message":"Server is running on port 3001","timestamp":"2025-11-19T18:09:47.653Z"}
{"level":"info","message":"Inngest endpoint available at http://localhost:3001","timestamp":"2025-11-19T18:09:47.656Z"}
{"level":"info","message":"Server is running on port 3001","timestamp":"2025-11-19T18:09:47.657Z"}
{"level":"info","message":"Inngest endpoint available at http://localhost:3001","timestamp":"2025-11-19T18:09:47.662Z"}
{"level":"info","message":"Server is running on port 3001","timestamp":"2025-11-19T18:09:57.441Z"}
{"level":"info","message":"Inngest endpoint available at http://localhost:3001","timestamp":"2025-11-19T18:09:57.449Z"}
{"level":"info","message":"Server is running on port 3001","timestamp":"2025-11-19T18:09:57.479Z"}
{"level":"info","message":"Inngest endpoint available at http://localhost:3001","timestamp":"2025-11-19T18:09:57.485Z"}
{"level":"info","message":"Server is running on port 3001","timestamp":"2025-11-19T18:15:45.817Z"}
{"level":"info","message":"Inngest endpoint available at http://localhost:3001","timestamp":"2025-11-19T18:15:45.819Z"}
{"level":"info","message":"Server is running on port 3001","timestamp":"2025-11-19T18:15:45.823Z"}
{"level":"info","message":"Inngest endpoint available at http://localhost:3001","timestamp":"2025-11-19T18:15:45.826Z"}
{"level":"info","message":"Server is running on port 3001","timestamp":"2025-11-19T18:17:54.527Z"}
{"level":"info","message":"Inngest endpoint available at http://localhost:3001","timestamp":"2025-11-19T18:17:54.529Z"}
{"level":"info","message":"Server is running on port 3001","timestamp":"2025-11-19T18:17:54.530Z"}
{"level":"info","message":"Inngest endpoint available at http://localhost:3001","timestamp":"2025-11-19T18:17:54.532Z"}
{"level":"info","message":"Server is running on port 3001","timestamp":"2025-11-19T18:18:24.589Z"}
{"level":"info","message":"Inngest endpoint available at http://localhost:3001","timestamp":"2025-11-19T18:18:24.591Z"}
{"level":"info","message":"Connect to MongoDB Atlas","timestamp":"2025-11-19T18:21:56.266Z"}
{"level":"info","message":"Server is running on port 3001","timestamp":"2025-11-19T18:21:56.272Z"}
{"level":"info","message":"Inngest endpoint available at http://localhost:3001","timestamp":"2025-11-19T18:21:56.273Z"}
{"level":"info","message":"Connect to MongoDB Atlas","timestamp":"2025-11-19T18:21:56.292Z"}
{"level":"info","message":"Server is running on port 3001","timestamp":"2025-11-19T18:21:56.298Z"}
{"level":"info","message":"Inngest endpoint available at http://localhost:3001","timestamp":"2025-11-19T18:21:56.299Z"}
{"level":"info","message":"Connect to MongoDB Atlas","timestamp":"2025-11-19T18:21:56.330Z"}
{"level":"info","message":"Server is running on port 3001","timestamp":"2025-11-19T18:21:56.337Z"}
{"level":"info","message":"Inngest endpoint available at http://localhost:3001","timestamp":"2025-11-19T18:21:56.338Z"}
{"level":"info","message":"Connect to MongoDB Atlas","timestamp":"2025-11-19T18:28:50.559Z"}
{"level":"info","message":"Server is running on port 3001","timestamp":"2025-11-19T18:28:50.562Z"}
{"level":"info","message":"Inngest endpoint available at http://localhost:3001","timestamp":"2025-11-19T18:28:50.562Z"}
{"level":"info","message":"Connect to MongoDB Atlas","timestamp":"2025-11-19T18:28:50.878Z"}
{"level":"info","message":"Connect to MongoDB Atlas","timestamp":"2025-11-19T18:28:50.878Z"}
{"level":"info","message":"Server is running on port 3001","timestamp":"2025-11-19T18:28:50.882Z"}
{"level":"info","message":"Inngest endpoint available at http://localhost:3001","timestamp":"2025-11-19T18:28:50.882Z"}
{"level":"info","message":"Server is running on port 3001","timestamp":"2025-11-19T18:28:50.883Z"}
{"level":"info","message":"Inngest endpoint available at http://localhost:3001","timestamp":"2025-11-19T18:28:50.883Z"}
{"level":"info","message":"Connect to MongoDB Atlas","timestamp":"2025-11-19T18:30:56.730Z"}
{"level":"info","message":"Server is running on port 3001","timestamp":"2025-11-19T18:30:56.734Z"}
{"level":"info","message":"Inngest endpoint available at http://localhost:3001","timestamp":"2025-11-19T18:30:56.734Z"}
{"level":"info","message":"Connect to MongoDB Atlas","timestamp":"2025-11-19T18:30:56.881Z"}
{"level":"info","message":"Server is running on port 3001","timestamp":"2025-11-19T18:30:56.884Z"}
{"level":"info","message":"Inngest endpoint available at http://localhost:3001","timestamp":"2025-11-19T18:30:56.884Z"}
{"level":"info","message":"Connect to MongoDB Atlas","timestamp":"2025-11-19T18:30:57.807Z"}
{"level":"info","message":"Server is running on port 3001","timestamp":"2025-11-19T18:30:57.814Z"}
{"level":"info","message":"Inngest endpoint available at http://localhost:3001","timestamp":"2025-11-19T18:30:57.814Z"}
{"level":"info","message":"Connect to MongoDB Atlas","timestamp":"2025-11-19T18:33:46.390Z"}
{"level":"info","message":"Server is running on port 3001","timestamp":"2025-11-19T18:33:46.393Z"}
{"level":"info","message":"Inngest endpoint available at http://localhost:3001","timestamp":"2025-11-19T18:33:46.394Z"}
{"level":"info","message":"Connect to MongoDB Atlas","timestamp":"2025-11-19T18:33:46.778Z"}
{"level":"info","message":"Server is running on port 3001","timestamp":"2025-11-19T18:33:46.783Z"}
{"level":"info","message":"Inngest endpoint available at http://localhost:3001","timestamp":"2025-11-19T18:33:46.783Z"}
{"level":"info","message":"Connect to MongoDB Atlas","timestamp":"2025-11-19T18:33:46.975Z"}
{"level":"info","message":"Server is running on port 3001","timestamp":"2025-11-19T18:33:46.979Z"}
{"level":"info","message":"Inngest endpoint available at http://localhost:3001","timestamp":"2025-11-19T18:33:46.980Z"}
{"level":"info","message":"Connect to MongoDB Atlas","timestamp":"2025-11-19T18:34:23.771Z"}
{"level":"info","message":"Server is running on port 3001","timestamp":"2025-11-19T18:34:23.774Z"}
{"level":"info","message":"Inngest endpoint available at http://localhost:3001","timestamp":"2025-11-19T18:34:23.775Z"}
{"level":"info","message":"Connect to MongoDB Atlas","timestamp":"2025-11-19T18:34:24.158Z"}
{"level":"info","message":"Server is running on port 3001","timestamp":"2025-11-19T18:34:24.161Z"}
{"level":"info","message":"Inngest endpoint available at http://localhost:3001","timestamp":"2025-11-19T18:34:24.162Z"}
{"level":"info","message":"Connect to MongoDB Atlas","timestamp":"2025-11-19T18:34:25.376Z"}
{"level":"info","message":"Server is running on port 3001","timestamp":"2025-11-19T18:34:25.381Z"}
{"level":"info","message":"Inngest endpoint available at http://localhost:3001","timestamp":"2025-11-19T18:34:25.381Z"}
{"level":"info","message":"Connect to MongoDB Atlas","timestamp":"2025-11-19T18:41:05.708Z"}
{"level":"info","message":"Server is running on port 3001","timestamp":"2025-11-19T18:41:05.713Z"}
{"level":"info","message":"Inngest endpoint available at http://localhost:3001","timestamp":"2025-11-19T18:41:05.714Z"}
{"level":"info","message":"Connect to MongoDB Atlas","timestamp":"2025-11-19T18:41:07.641Z"}
{"level":"info","message":"Server is running on port 3001","timestamp":"2025-11-19T18:41:07.644Z"}
{"level":"info","message":"Inngest endpoint available at http://localhost:3001","timestamp":"2025-11-19T18:41:07.645Z"}
{"level":"info","message":"Connect to MongoDB Atlas","timestamp":"2025-11-19T18:41:08.228Z"}
{"level":"info","message":"Server is running on port 3001","timestamp":"2025-11-19T18:41:08.232Z"}
{"level":"info","message":"Inngest endpoint available at http://localhost:3001","timestamp":"2025-11-19T18:41:08.233Z"}
{"level":"info","message":"Connect to MongoDB Atlas","timestamp":"2025-11-19T18:41:21.195Z"}
{"level":"info","message":"Server is running on port 3001","timestamp":"2025-11-19T18:41:21.198Z"}
{"level":"info","message":"Inngest endpoint available at http://localhost:3001","timestamp":"2025-11-19T18:41:21.199Z"}
{"level":"info","message":"Connect to MongoDB Atlas","timestamp":"2025-11-19T18:41:21.329Z"}
{"level":"info","message":"Server is running on port 3001","timestamp":"2025-11-19T18:41:21.331Z"}
{"level":"info","message":"Inngest endpoint available at http://localhost:3001","timestamp":"2025-11-19T18:41:21.332Z"}
{"level":"info","message":"Connect to MongoDB Atlas","timestamp":"2025-11-19T18:41:23.049Z"}
{"level":"info","message":"Server is running on port 3001","timestamp":"2025-11-19T18:41:23.052Z"}
{"level":"info","message":"Inngest endpoint available at http://localhost:3001","timestamp":"2025-11-19T18:41:23.052Z"}
{"level":"info","message":"Connect to MongoDB Atlas","timestamp":"2025-11-19T18:47:28.357Z"}
{"level":"info","message":"Connect to MongoDB Atlas","timestamp":"2025-11-19T18:47:28.358Z"}
{"level":"info","message":"Connect to MongoDB Atlas","timestamp":"2025-11-19T18:47:28.357Z"}
{"level":"info","message":"Server is running on port 3001","timestamp":"2025-11-19T18:47:28.362Z"}
{"level":"info","message":"Inngest endpoint available at http://localhost:3001","timestamp":"2025-11-19T18:47:28.362Z"}
{"level":"info","message":"Server is running on port 3001","timestamp":"2025-11-19T18:47:28.362Z"}
{"level":"info","message":"Inngest endpoint available at http://localhost:3001","timestamp":"2025-11-19T18:47:28.363Z"}
{"level":"info","message":"Server is running on port 3001","timestamp":"2025-11-19T18:47:28.363Z"}
{"level":"info","message":"Inngest endpoint available at http://localhost:3001","timestamp":"2025-11-19T18:47:28.364Z"}
{"level":"info","message":"Connect to MongoDB Atlas","timestamp":"2025-11-19T19:15:38.893Z"}
{"level":"info","message":"Server is running on port 3001","timestamp":"2025-11-19T19:15:38.896Z"}
{"level":"info","message":"Inngest endpoint available at http://localhost:3001","timestamp":"2025-11-19T19:15:38.896Z"}
{"level":"info","message":"Connect to MongoDB Atlas","timestamp":"2025-11-19T19:15:38.900Z"}
{"level":"info","message":"Connect to MongoDB Atlas","timestamp":"2025-11-19T19:15:38.901Z"}
{"level":"info","message":"Server is running on port 3001","timestamp":"2025-11-19T19:15:38.904Z"}
{"level":"info","message":"Inngest endpoint available at http://localhost:3001","timestamp":"2025-11-19T19:15:38.905Z"}
{"level":"info","message":"Server is running on port 3001","timestamp":"2025-11-19T19:15:38.904Z"}
{"level":"info","message":"Inngest endpoint available at http://localhost:3001","timestamp":"2025-11-19T19:15:38.904Z"}
{"level":"info","message":"Connect to MongoDB Atlas","timestamp":"2025-11-19T19:19:42.676Z"}
{"level":"info","message":"Server is running on port 3001","timestamp":"2025-11-19T19:19:42.680Z"}
{"level":"info","message":"Inngest endpoint available at http://localhost:3001","timestamp":"2025-11-19T19:19:42.680Z"}
{"level":"info","message":"Connect to MongoDB Atlas","timestamp":"2025-11-19T19:19:42.734Z"}
{"level":"info","message":"Server is running on port 3001","timestamp":"2025-11-19T19:19:42.739Z"}
{"level":"info","message":"Inngest endpoint available at http://localhost:3001","timestamp":"2025-11-19T19:19:42.740Z"}
{"level":"info","message":"Connect to MongoDB Atlas","timestamp":"2025-11-19T19:19:42.753Z"}
{"level":"info","message":"Server is running on port 3001","timestamp":"2025-11-19T19:19:42.757Z"}
{"level":"info","message":"Inngest endpoint available at http://localhost:3001","timestamp":"2025-11-19T19:19:42.757Z"}
{"level":"info","message":"Connect to MongoDB Atlas","timestamp":"2025-11-19T19:20:34.293Z"}
{"level":"info","message":"Server is running on port 3001","timestamp":"2025-11-19T19:20:34.296Z"}
{"level":"info","message":"Inngest endpoint available at http://localhost:3001","timestamp":"2025-11-19T19:20:34.296Z"}
{"level":"info","message":"Connect to MongoDB Atlas","timestamp":"2025-11-19T19:20:34.674Z"}
{"level":"info","message":"Server is running on port 3001","timestamp":"2025-11-19T19:20:34.677Z"}
{"level":"info","message":"Inngest endpoint available at http://localhost:3001","timestamp":"2025-11-19T19:20:34.677Z"}
{"level":"info","message":"Connect to MongoDB Atlas","timestamp":"2025-11-19T19:20:35.261Z"}
{"level":"info","message":"Server is running on port 3001","timestamp":"2025-11-19T19:20:35.265Z"}
{"level":"info","message":"Inngest endpoint available at http://localhost:3001","timestamp":"2025-11-19T19:20:35.266Z"}
{"level":"info","message":"Connect to MongoDB Atlas","timestamp":"2025-11-19T19:20:52.695Z"}
{"level":"info","message":"Connect to MongoDB Atlas","timestamp":"2025-11-19T19:20:52.695Z"}
{"level":"info","message":"Server is running on port 3001","timestamp":"2025-11-19T19:20:52.700Z"}
{"level":"info","message":"Inngest endpoint available at http://localhost:3001","timestamp":"2025-11-19T19:20:52.700Z"}
{"level":"info","message":"Server is running on port 3001","timestamp":"2025-11-19T19:20:52.700Z"}
{"level":"info","message":"Inngest endpoint available at http://localhost:3001","timestamp":"2025-11-19T19:20:52.701Z"}
{"level":"info","message":"Connect to MongoDB Atlas","timestamp":"2025-11-19T19:20:53.776Z"}
{"level":"info","message":"Server is running on port 3001","timestamp":"2025-11-19T19:20:53.783Z"}
{"level":"info","message":"Inngest endpoint available at http://localhost:3001","timestamp":"2025-11-19T19:20:53.783Z"}
{"level":"info","message":"Connected to MongoDB Atlas","timestamp":"2025-11-19T19:21:30.267Z"}
{"level":"info","message":"Connected to MongoDB Atlas","timestamp":"2025-11-19T19:21:30.267Z"}
{"level":"info","message":"Connected to MongoDB Atlas","timestamp":"2025-11-19T19:21:30.267Z"}
{"level":"info","message":"Server is running on port 3001","timestamp":"2025-11-19T19:21:30.275Z"}
{"level":"info","message":"Server is running on port 3001","timestamp":"2025-11-19T19:21:30.275Z"}
{"level":"info","message":"Inngest endpoint available at http://localhost:3001","timestamp":"2025-11-19T19:21:30.276Z"}
{"level":"info","message":"Inngest endpoint available at http://localhost:3001","timestamp":"2025-11-19T19:21:30.276Z"}
{"level":"info","message":"Server is running on port 3001","timestamp":"2025-11-19T19:21:30.276Z"}
{"level":"info","message":"Inngest endpoint available at http://localhost:3001","timestamp":"2025-11-19T19:21:30.277Z"}
{"level":"info","message":"Connected to MongoDB Atlas","timestamp":"2025-11-19T19:21:46.246Z"}
{"level":"info","message":"Server is running on port 3001","timestamp":"2025-11-19T19:21:46.249Z"}
{"level":"info","message":"Inngest endpoint available at http://localhost:3001","timestamp":"2025-11-19T19:21:46.250Z"}
{"level":"info","message":"Connected to MongoDB Atlas","timestamp":"2025-11-19T19:21:46.281Z"}
{"level":"info","message":"Server is running on port 3001","timestamp":"2025-11-19T19:21:46.284Z"}
{"level":"info","message":"Inngest endpoint available at http://localhost:3001","timestamp":"2025-11-19T19:21:46.284Z"}
{"level":"info","message":"Connected to MongoDB Atlas","timestamp":"2025-11-19T19:21:46.293Z"}
{"level":"info","message":"Server is running on port 3001","timestamp":"2025-11-19T19:21:46.296Z"}
{"level":"info","message":"Inngest endpoint available at http://localhost:3001","timestamp":"2025-11-19T19:21:46.297Z"}
{"level":"info","message":"Connected to MongoDB Atlas","timestamp":"2025-11-19T19:22:01.867Z"}
{"level":"info","message":"Server is running on port 3001","timestamp":"2025-11-19T19:22:01.873Z"}
{"level":"info","message":"Inngest endpoint available at http://localhost:3001","timestamp":"2025-11-19T19:22:01.874Z"}
{"level":"info","message":"Connected to MongoDB Atlas","timestamp":"2025-11-19T19:22:02.008Z"}
{"level":"info","message":"Connected to MongoDB Atlas","timestamp":"2025-11-19T19:22:02.009Z"}
{"level":"info","message":"Server is running on port 3001","timestamp":"2025-11-19T19:22:02.015Z"}
{"level":"info","message":"Inngest endpoint available at http://localhost:3001","timestamp":"2025-11-19T19:22:02.015Z"}
{"level":"info","message":"Server is running on port 3001","timestamp":"2025-11-19T19:22:02.014Z"}
{"level":"info","message":"Inngest endpoint available at http://localhost:3001","timestamp":"2025-11-19T19:22:02.015Z"}
{"level":"info","message":"Connected to MongoDB Atlas","timestamp":"2025-11-19T19:23:14.302Z"}
{"level":"info","message":"Server is running on port 3001","timestamp":"2025-11-19T19:23:14.310Z"}
{"level":"info","message":"Inngest endpoint available at http://localhost:3001","timestamp":"2025-11-19T19:23:14.312Z"}
{"level":"info","message":"Connected to MongoDB Atlas","timestamp":"2025-11-19T19:23:14.341Z"}
{"level":"info","message":"Connected to MongoDB Atlas","timestamp":"2025-11-19T19:23:14.341Z"}
{"level":"info","message":"Server is running on port 3001","timestamp":"2025-11-19T19:23:14.349Z"}
{"level":"info","message":"Server is running on port 3001","timestamp":"2025-11-19T19:23:14.350Z"}
{"level":"info","message":"Inngest endpoint available at http://localhost:3001","timestamp":"2025-11-19T19:23:14.351Z"}
{"level":"info","message":"Inngest endpoint available at http://localhost:3001","timestamp":"2025-11-19T19:23:14.352Z"}
{"level":"info","message":"Connected to MongoDB Atlas","timestamp":"2025-11-19T19:23:19.665Z"}
{"level":"info","message":"Connected to MongoDB Atlas","timestamp":"2025-11-19T19:23:19.665Z"}
{"level":"info","message":"Server is running on port 3001","timestamp":"2025-11-19T19:23:19.670Z"}
{"level":"info","message":"Inngest endpoint available at http://localhost:3001","timestamp":"2025-11-19T19:23:19.670Z"}
{"level":"info","message":"Server is running on port 3001","timestamp":"2025-11-19T19:23:19.671Z"}
{"level":"info","message":"Inngest endpoint available at http://localhost:3001","timestamp":"2025-11-19T19:23:19.671Z"}
{"level":"info","message":"Connected to MongoDB Atlas","timestamp":"2025-11-19T19:23:19.789Z"}
{"level":"info","message":"Server is running on port 3001","timestamp":"2025-11-19T19:23:19.792Z"}
{"level":"info","message":"Inngest endpoint available at http://localhost:3001","timestamp":"2025-11-19T19:23:19.792Z"}
{"level":"info","message":"Connected to MongoDB Atlas","timestamp":"2025-11-19T19:23:34.117Z"}
{"level":"info","message":"Server is running on port 3001","timestamp":"2025-11-19T19:23:34.120Z"}
{"level":"info","message":"Inngest endpoint available at http://localhost:3001","timestamp":"2025-11-19T19:23:34.121Z"}
{"level":"info","message":"Connected to MongoDB Atlas","timestamp":"2025-11-19T19:23:34.143Z"}
{"level":"info","message":"Server is running on port 3001","timestamp":"2025-11-19T19:23:34.147Z"}
{"level":"info","message":"Inngest endpoint available at http://localhost:3001","timestamp":"2025-11-19T19:23:34.148Z"}
{"level":"info","message":"Connected to MongoDB Atlas","timestamp":"2025-11-19T19:23:34.174Z"}
{"level":"info","message":"Server is running on port 3001","timestamp":"2025-11-19T19:23:34.177Z"}
{"level":"info","message":"Inngest endpoint available at http://localhost:3001","timestamp":"2025-11-19T19:23:34.177Z"}
{"level":"info","message":"Connected to MongoDB Atlas","timestamp":"2025-11-19T19:25:59.027Z"}
{"level":"info","message":"Connected to MongoDB Atlas","timestamp":"2025-11-19T19:25:59.027Z"}
{"level":"info","message":"Server is running on port 3001","timestamp":"2025-11-19T19:25:59.030Z"}
{"level":"info","message":"Inngest endpoint available at http://localhost:3001","timestamp":"2025-11-19T19:25:59.030Z"}
{"level":"info","message":"Server is running on port 3001","timestamp":"2025-11-19T19:25:59.030Z"}
{"level":"info","message":"Inngest endpoint available at http://localhost:3001","timestamp":"2025-11-19T19:25:59.031Z"}
{"level":"info","message":"Connected to MongoDB Atlas","timestamp":"2025-11-19T19:40:51.515Z"}
{"level":"info","message":"Connected to MongoDB Atlas","timestamp":"2025-11-19T19:40:51.515Z"}
{"level":"info","message":"Server is running on port 3001","timestamp":"2025-11-19T19:40:51.519Z"}
{"level":"info","message":"Inngest endpoint available at http://localhost:3001","timestamp":"2025-11-19T19:40:51.519Z"}
{"level":"info","message":"Server is running on port 3001","timestamp":"2025-11-19T19:40:51.520Z"}
{"level":"info","message":"Inngest endpoint available at http://localhost:3001","timestamp":"2025-11-19T19:40:51.520Z"}
{"level":"info","message":"Connected to MongoDB Atlas","timestamp":"2025-11-19T19:47:54.071Z"}
{"level":"info","message":"Server is running on port 3001","timestamp":"2025-11-19T19:47:54.075Z"}
{"level":"info","message":"Inngest endpoint available at http://localhost:3001","timestamp":"2025-11-19T19:47:54.075Z"}
{"level":"info","message":"Connected to MongoDB Atlas","timestamp":"2025-11-19T19:47:54.103Z"}
{"level":"info","message":"Server is running on port 3001","timestamp":"2025-11-19T19:47:54.106Z"}
{"level":"info","message":"Inngest endpoint available at http://localhost:3001","timestamp":"2025-11-19T19:47:54.106Z"}
{"level":"info","message":"Connected to MongoDB Atlas","timestamp":"2025-11-19T19:48:10.724Z"}
{"level":"info","message":"Connected to MongoDB Atlas","timestamp":"2025-11-19T19:48:10.725Z"}
{"level":"info","message":"Server is running on port 3001","timestamp":"2025-11-19T19:48:10.731Z"}
{"level":"info","message":"Inngest endpoint available at http://localhost:3001","timestamp":"2025-11-19T19:48:10.731Z"}
{"level":"info","message":"Server is running on port 3001","timestamp":"2025-11-19T19:48:10.730Z"}
{"level":"info","message":"Inngest endpoint available at http://localhost:3001","timestamp":"2025-11-19T19:48:10.732Z"}
{"level":"info","message":"Connected to MongoDB Atlas","timestamp":"2025-11-19T19:57:34.764Z"}
{"level":"info","message":"Server is running on port 3001","timestamp":"2025-11-19T19:57:34.770Z"}
{"level":"info","message":"Inngest endpoint available at http://localhost:3001","timestamp":"2025-11-19T19:57:34.771Z"}
{"level":"info","message":"Connected to MongoDB Atlas","timestamp":"2025-11-19T19:57:34.791Z"}
{"level":"info","message":"Server is running on port 3001","timestamp":"2025-11-19T19:57:34.795Z"}
{"level":"info","message":"Inngest endpoint available at http://localhost:3001","timestamp":"2025-11-19T19:57:34.796Z"}
{"level":"info","message":"Connected to MongoDB Atlas","timestamp":"2025-11-19T20:02:11.489Z"}
{"level":"info","message":"Connected to MongoDB Atlas","timestamp":"2025-11-19T20:02:11.490Z"}
{"level":"info","message":"Server is running on port 3001","timestamp":"2025-11-19T20:02:11.495Z"}
{"level":"info","message":"Inngest endpoint available at http://localhost:3001","timestamp":"2025-11-19T20:02:11.496Z"}
{"level":"info","message":"Server is running on port 3001","timestamp":"2025-11-19T20:02:11.495Z"}
{"level":"info","message":"Inngest endpoint available at http://localhost:3001","timestamp":"2025-11-19T20:02:11.496Z"}
{"level":"info","message":"Connected to MongoDB Atlas","timestamp":"2025-11-19T20:02:25.826Z"}
{"level":"info","message":"Connected to MongoDB Atlas","timestamp":"2025-11-19T20:02:25.826Z"}
{"level":"info","message":"Server is running on port 3001","timestamp":"2025-11-19T20:02:25.832Z"}
{"level":"info","message":"Inngest endpoint available at http://localhost:3001","timestamp":"2025-11-19T20:02:25.833Z"}
{"level":"info","message":"Server is running on port 3001","timestamp":"2025-11-19T20:02:25.831Z"}
{"level":"info","message":"Inngest endpoint available at http://localhost:3001","timestamp":"2025-11-19T20:02:25.832Z"}
{"level":"info","message":"Connected to MongoDB Atlas","timestamp":"2025-11-19T20:05:06.518Z"}
{"level":"info","message":"Connected to MongoDB Atlas","timestamp":"2025-11-19T20:05:06.518Z"}
{"level":"info","message":"Server is running on port 3001","timestamp":"2025-11-19T20:05:06.522Z"}
{"level":"info","message":"Inngest endpoint available at http://localhost:3001","timestamp":"2025-11-19T20:05:06.522Z"}
{"level":"info","message":"Server is running on port 3001","timestamp":"2025-11-19T20:05:06.522Z"}
{"level":"info","message":"Inngest endpoint available at http://localhost:3001","timestamp":"2025-11-19T20:05:06.522Z"}
{"level":"info","message":"Connected to MongoDB Atlas","timestamp":"2025-11-19T20:05:18.491Z"}
{"level":"info","message":"Connected to MongoDB Atlas","timestamp":"2025-11-19T20:05:18.487Z"}
{"level":"info","message":"Server is running on port 3001","timestamp":"2025-11-19T20:05:18.497Z"}
{"level":"info","message":"Inngest endpoint available at http://localhost:3001","timestamp":"2025-11-19T20:05:18.498Z"}
{"level":"info","message":"Server is running on port 3001","timestamp":"2025-11-19T20:05:18.493Z"}
{"level":"info","message":"Inngest endpoint available at http://localhost:3001","timestamp":"2025-11-19T20:05:18.494Z"}
{"level":"info","message":"Connected to MongoDB Atlas","timestamp":"2025-11-19T20:22:12.961Z"}
{"level":"info","message":"Connected to MongoDB Atlas","timestamp":"2025-11-19T20:22:12.960Z"}
{"level":"info","message":"Server is running on port 3001","timestamp":"2025-11-19T20:22:12.967Z"}
{"level":"info","message":"Inngest endpoint available at http://localhost:3001","timestamp":"2025-11-19T20:22:12.967Z"}
{"level":"info","message":"Server is running on port 3001","timestamp":"2025-11-19T20:22:12.966Z"}
{"level":"info","message":"Inngest endpoint available at http://localhost:3001","timestamp":"2025-11-19T20:22:12.967Z"}
{"level":"info","message":"Connected to MongoDB Atlas","timestamp":"2025-11-19T20:28:12.881Z"}
{"level":"info","message":"Connected to MongoDB Atlas","timestamp":"2025-11-19T20:28:12.881Z"}
{"level":"info","message":"Server is running on port 3001","timestamp":"2025-11-19T20:28:12.889Z"}
{"level":"info","message":"Inngest endpoint available at http://localhost:3001","timestamp":"2025-11-19T20:28:12.891Z"}
{"level":"info","message":"Server is running on port 3001","timestamp":"2025-11-19T20:28:12.893Z"}
{"level":"info","message":"Inngest endpoint available at http://localhost:3001","timestamp":"2025-11-19T20:28:12.894Z"}
{"level":"info","message":"Connected to MongoDB Atlas","timestamp":"2025-11-19T20:28:25.338Z"}
{"level":"info","message":"Server is running on port 3001","timestamp":"2025-11-19T20:28:25.341Z"}
{"level":"info","message":"Inngest endpoint available at http://localhost:3001","timestamp":"2025-11-19T20:28:25.341Z"}
{"level":"info","message":"Connected to MongoDB Atlas","timestamp":"2025-11-19T20:28:25.596Z"}
{"level":"info","message":"Server is running on port 3001","timestamp":"2025-11-19T20:28:25.600Z"}
{"level":"info","message":"Inngest endpoint available at http://localhost:3001","timestamp":"2025-11-19T20:28:25.600Z"}
{"level":"info","message":"Connected to MongoDB Atlas","timestamp":"2025-11-19T20:56:34.515Z"}
{"level":"info","message":"Server is running on port 3001","timestamp":"2025-11-19T20:56:34.520Z"}
{"level":"info","message":"Inngest endpoint available at http://localhost:3001","timestamp":"2025-11-19T20:56:34.520Z"}
{"level":"info","message":"Connected to MongoDB Atlas","timestamp":"2025-11-19T21:15:39.846Z"}
{"level":"info","message":"Server is running on port 3001","timestamp":"2025-11-19T21:15:39.850Z"}
{"level":"info","message":"Inngest endpoint available at http://localhost:3001","timestamp":"2025-11-19T21:15:39.851Z"}
{"level":"info","message":"Connected to MongoDB Atlas","timestamp":"2025-11-19T21:17:17.629Z"}
{"level":"info","message":"Server is running on port 3001","timestamp":"2025-11-19T21:17:17.637Z"}
{"level":"info","message":"Inngest endpoint available at http://localhost:3001","timestamp":"2025-11-19T21:17:17.638Z"}
{"level":"info","message":"Connected to MongoDB Atlas","timestamp":"2025-11-19T21:19:32.153Z"}
{"level":"info","message":"Server is running on port 3001","timestamp":"2025-11-19T21:19:32.157Z"}
{"level":"info","message":"Inngest endpoint available at http://localhost:3001","timestamp":"2025-11-19T21:19:32.158Z"}
{"level":"info","message":"Connected to MongoDB Atlas","timestamp":"2025-11-19T21:19:47.940Z"}
{"level":"info","message":"Server is running on port 3001","timestamp":"2025-11-19T21:19:47.944Z"}
{"level":"info","message":"Inngest endpoint available at http://localhost:3001","timestamp":"2025-11-19T21:19:47.945Z"}
{"level":"info","message":"Connected to MongoDB Atlas","timestamp":"2025-11-19T21:19:57.379Z"}
{"level":"info","message":"Server is running on port 3001","timestamp":"2025-11-19T21:19:57.387Z"}
{"level":"info","message":"Inngest endpoint available at http://localhost:3001","timestamp":"2025-11-19T21:19:57.387Z"}
{"level":"info","message":"Connected to MongoDB Atlas","timestamp":"2025-11-19T21:20:11.353Z"}
{"level":"info","message":"Server is running on port 3001","timestamp":"2025-11-19T21:20:11.358Z"}
{"level":"info","message":"Inngest endpoint available at http://localhost:3001","timestamp":"2025-11-19T21:20:11.358Z"}
{"level":"info","message":"Connected to MongoDB Atlas","timestamp":"2025-11-19T21:21:28.299Z"}
{"level":"info","message":"Server is running on port 3001","timestamp":"2025-11-19T21:21:28.303Z"}
{"level":"info","message":"Inngest endpoint available at http://localhost:3001","timestamp":"2025-11-19T21:21:28.303Z"}
{"level":"info","message":"Connected to MongoDB Atlas","timestamp":"2025-11-19T21:22:39.979Z"}
{"level":"info","message":"Server is running on port 3001","timestamp":"2025-11-19T21:22:39.983Z"}
{"level":"info","message":"Inngest endpoint available at http://localhost:3001","timestamp":"2025-11-19T21:22:39.983Z"}
{"level":"info","message":"Connected to MongoDB Atlas","timestamp":"2025-11-19T21:23:22.526Z"}
{"level":"info","message":"Server is running on port 3001","timestamp":"2025-11-19T21:23:22.530Z"}
{"level":"info","message":"Inngest endpoint available at http://localhost:3001","timestamp":"2025-11-19T21:23:22.530Z"}
{"level":"info","message":"Connected to MongoDB Atlas","timestamp":"2025-11-19T21:24:10.504Z"}
{"level":"info","message":"Server is running on port 3001","timestamp":"2025-11-19T21:24:10.510Z"}
{"level":"info","message":"Inngest endpoint available at http://localhost:3001","timestamp":"2025-11-19T21:24:10.511Z"}
{"level":"info","message":"Connected to MongoDB Atlas","timestamp":"2025-11-19T21:24:56.187Z"}
{"level":"info","message":"Server is running on port 3001","timestamp":"2025-11-19T21:24:56.202Z"}
{"level":"info","message":"Inngest endpoint available at http://localhost:3001","timestamp":"2025-11-19T21:24:56.205Z"}
{"level":"info","message":"Connected to MongoDB Atlas","timestamp":"2025-11-19T21:29:13.583Z"}
{"level":"info","message":"Server is running on port 3001","timestamp":"2025-11-19T21:29:13.587Z"}
{"level":"info","message":"Inngest endpoint available at http://localhost:3001","timestamp":"2025-11-19T21:29:13.587Z"}
{"level":"info","message":"Connected to MongoDB Atlas","timestamp":"2025-11-19T21:29:36.201Z"}
{"level":"info","message":"Server is running on port 3001","timestamp":"2025-11-19T21:29:36.208Z"}
{"level":"info","message":"Inngest endpoint available at http://localhost:3001","timestamp":"2025-11-19T21:29:36.209Z"}
{"level":"info","message":"Connected to MongoDB Atlas","timestamp":"2025-11-19T21:44:52.227Z"}
{"level":"info","message":"Server is running on port 3001","timestamp":"2025-11-19T21:44:52.237Z"}
{"level":"info","message":"Inngest endpoint available at http://localhost:3001","timestamp":"2025-11-19T21:44:52.238Z"}
{"level":"info","message":"Connected to MongoDB Atlas","timestamp":"2025-11-19T21:45:15.004Z"}
{"level":"info","message":"Server is running on port 3001","timestamp":"2025-11-19T21:45:15.009Z"}
{"level":"info","message":"Inngest endpoint available at http://localhost:3001","timestamp":"2025-11-19T21:45:15.009Z"}
{"level":"info","message":"Connected to MongoDB Atlas","timestamp":"2025-11-19T21:48:05.780Z"}
{"level":"info","message":"Server is running on port 3001","timestamp":"2025-11-19T21:48:05.787Z"}
{"level":"info","message":"Inngest endpoint available at http://localhost:3001","timestamp":"2025-11-19T21:48:05.787Z"}
{"level":"info","message":"Connected to MongoDB Atlas","timestamp":"2025-11-19T21:48:25.167Z"}
{"level":"info","message":"Server is running on port 3001","timestamp":"2025-11-19T21:48:25.175Z"}
{"level":"info","message":"Inngest endpoint available at http://localhost:3001","timestamp":"2025-11-19T21:48:25.177Z"}
{"level":"info","message":"Connected to MongoDB Atlas","timestamp":"2025-11-19T21:51:52.905Z"}
{"level":"info","message":"Server is running on port 3001","timestamp":"2025-11-19T21:51:52.914Z"}
{"level":"info","message":"Inngest endpoint available at http://localhost:3001","timestamp":"2025-11-19T21:51:52.914Z"}
{"level":"info","message":"Connected to MongoDB Atlas","timestamp":"2025-11-19T22:01:44.165Z"}
{"level":"info","message":"Server is running on port 3001","timestamp":"2025-11-19T22:01:44.172Z"}
{"level":"info","message":"Inngest endpoint available at http://localhost:3001","timestamp":"2025-11-19T22:01:44.174Z"}
{"level":"info","message":"Connected to MongoDB Atlas","timestamp":"2025-11-19T22:02:08.570Z"}
{"level":"info","message":"Server is running on port 3001","timestamp":"2025-11-19T22:02:08.579Z"}
{"level":"info","message":"Inngest endpoint available at http://localhost:3001","timestamp":"2025-11-19T22:02:08.581Z"}
{"level":"info","message":"Connected to MongoDB Atlas","timestamp":"2025-11-19T22:02:13.447Z"}
{"level":"info","message":"Server is running on port 3001","timestamp":"2025-11-19T22:02:13.452Z"}
{"level":"info","message":"Inngest endpoint available at http://localhost:3001","timestamp":"2025-11-19T22:02:13.453Z"}
{"level":"info","message":"Connected to MongoDB Atlas","timestamp":"2025-11-19T22:13:59.249Z"}
{"level":"info","message":"Server is running on port 3001","timestamp":"2025-11-19T22:13:59.254Z"}
{"level":"info","message":"Inngest endpoint available at http://localhost:3001","timestamp":"2025-11-19T22:13:59.255Z"}
{"level":"info","message":"Connected to MongoDB Atlas","timestamp":"2025-11-19T22:32:29.453Z"}
{"level":"info","message":"Server is running on port 3001","timestamp":"2025-11-19T22:32:29.457Z"}
{"level":"info","message":"Inngest endpoint available at http://localhost:3001","timestamp":"2025-11-19T22:32:29.458Z"}
{"level":"info","message":"Connected to MongoDB Atlas","timestamp":"2025-11-19T22:44:21.553Z"}
{"level":"info","message":"Server is running on port 3001","timestamp":"2025-11-19T22:44:21.566Z"}
{"level":"info","message":"Inngest endpoint available at http://localhost:3001","timestamp":"2025-11-19T22:44:21.566Z"}
{"level":"info","message":"Connected to MongoDB Atlas","timestamp":"2025-11-19T22:44:33.209Z"}
{"level":"info","message":"Server is running on port 3001","timestamp":"2025-11-19T22:44:33.214Z"}
{"level":"info","message":"Inngest endpoint available at http://localhost:3001","timestamp":"2025-11-19T22:44:33.214Z"}
{"level":"info","message":"Connected to MongoDB Atlas","timestamp":"2025-11-19T22:45:29.978Z"}
{"level":"info","message":"Server is running on port 3001","timestamp":"2025-11-19T22:45:29.983Z"}
{"level":"info","message":"Inngest endpoint available at http://localhost:3001","timestamp":"2025-11-19T22:45:29.983Z"}
{"level":"info","message":"Connected to MongoDB Atlas","timestamp":"2025-11-19T22:46:13.199Z"}
{"level":"info","message":"Server is running on port 3001","timestamp":"2025-11-19T22:46:13.203Z"}
{"level":"info","message":"Inngest endpoint available at http://localhost:3001","timestamp":"2025-11-19T22:46:13.203Z"}
{"level":"info","message":"Connected to MongoDB Atlas","timestamp":"2025-11-19T22:46:26.452Z"}
{"level":"info","message":"Server is running on port 3001","timestamp":"2025-11-19T22:46:26.456Z"}
{"level":"info","message":"Inngest endpoint available at http://localhost:3001","timestamp":"2025-11-19T22:46:26.457Z"}
{"level":"info","message":"Connected to MongoDB Atlas","timestamp":"2025-11-19T22:50:47.730Z"}
{"level":"info","message":"Server is running on port 3001","timestamp":"2025-11-19T22:50:47.744Z"}
{"level":"info","message":"Inngest endpoint available at http://localhost:3001","timestamp":"2025-11-19T22:50:47.747Z"}
{"level":"info","message":"Connected to MongoDB Atlas","timestamp":"2025-11-19T22:51:38.308Z"}
{"level":"info","message":"Server is running on port 3001","timestamp":"2025-11-19T22:51:38.312Z"}
{"level":"info","message":"Inngest endpoint available at http://localhost:3001","timestamp":"2025-11-19T22:51:38.312Z"}
{"level":"info","message":"Connected to MongoDB Atlas","timestamp":"2025-11-19T23:15:37.625Z"}
{"level":"info","message":"Server is running on port 3001","timestamp":"2025-11-19T23:15:37.629Z"}
{"level":"info","message":"Inngest endpoint available at http://localhost:3001","timestamp":"2025-11-19T23:15:37.630Z"}
{"level":"info","message":"Connected to MongoDB Atlas","timestamp":"2025-11-19T23:18:05.301Z"}
{"level":"info","message":"Server is running on port 3001","timestamp":"2025-11-19T23:18:05.312Z"}
{"level":"info","message":"Inngest endpoint available at http://localhost:3001","timestamp":"2025-11-19T23:18:05.314Z"}
{"level":"info","message":"Connected to MongoDB Atlas","timestamp":"2025-11-19T23:18:40.393Z"}
{"level":"info","message":"Server is running on port 3001","timestamp":"2025-11-19T23:18:40.428Z"}
{"level":"info","message":"Inngest endpoint available at http://localhost:3001","timestamp":"2025-11-19T23:18:40.436Z"}
{"level":"info","message":"Connected to MongoDB Atlas","timestamp":"2025-11-19T23:19:25.964Z"}
{"level":"info","message":"Server is running on port 3001","timestamp":"2025-11-19T23:19:25.975Z"}
{"level":"info","message":"Inngest endpoint available at http://localhost:3001","timestamp":"2025-11-19T23:19:25.975Z"}
{"level":"info","message":"Connected to MongoDB Atlas","timestamp":"2025-11-19T23:19:31.676Z"}
{"level":"info","message":"Server is running on port 3001","timestamp":"2025-11-19T23:19:31.680Z"}
{"level":"info","message":"Inngest endpoint available at http://localhost:3001","timestamp":"2025-11-19T23:19:31.681Z"}
{"level":"info","message":"Connected to MongoDB Atlas","timestamp":"2025-11-19T23:23:23.152Z"}
{"level":"info","message":"Server is running on port 3001","timestamp":"2025-11-19T23:23:23.161Z"}
{"level":"info","message":"Inngest endpoint available at http://localhost:3001","timestamp":"2025-11-19T23:23:23.162Z"}
{"level":"info","message":"Connected to MongoDB Atlas","timestamp":"2025-11-19T23:24:09.018Z"}
{"level":"info","message":"Server is running on port 3001","timestamp":"2025-11-19T23:24:09.023Z"}
{"level":"info","message":"Inngest endpoint available at http://localhost:3001","timestamp":"2025-11-19T23:24:09.023Z"}
{"level":"info","message":"Connected to MongoDB Atlas","timestamp":"2025-11-19T23:25:12.733Z"}
{"level":"info","message":"Server is running on port 3001","timestamp":"2025-11-19T23:25:12.738Z"}
{"level":"info","message":"Inngest endpoint available at http://localhost:3001","timestamp":"2025-11-19T23:25:12.738Z"}
{"level":"info","message":"Connected to MongoDB Atlas","timestamp":"2025-11-19T23:25:20.991Z"}
{"level":"info","message":"Server is running on port 3001","timestamp":"2025-11-19T23:25:20.999Z"}
{"level":"info","message":"Inngest endpoint available at http://localhost:3001","timestamp":"2025-11-19T23:25:21.000Z"}
{"level":"info","message":"Connected to MongoDB Atlas","timestamp":"2025-11-19T23:25:43.988Z"}
{"level":"info","message":"Server is running on port 3001","timestamp":"2025-11-19T23:25:44.016Z"}
{"level":"info","message":"Inngest endpoint available at http://localhost:3001","timestamp":"2025-11-19T23:25:44.018Z"}
{"level":"info","message":"Connected to MongoDB Atlas","timestamp":"2025-11-19T23:26:09.543Z"}
{"level":"info","message":"Server is running on port 3001","timestamp":"2025-11-19T23:26:09.566Z"}
{"level":"info","message":"Inngest endpoint available at http://localhost:3001","timestamp":"2025-11-19T23:26:09.568Z"}
{"level":"info","message":"Connected to MongoDB Atlas","timestamp":"2025-11-19T23:27:50.791Z"}
{"level":"info","message":"Server is running on port 3001","timestamp":"2025-11-19T23:27:50.803Z"}
{"level":"info","message":"Inngest endpoint available at http://localhost:3001","timestamp":"2025-11-19T23:27:50.804Z"}
{"level":"info","message":"Connected to MongoDB Atlas","timestamp":"2025-11-19T23:28:03.678Z"}
{"level":"info","message":"Server is running on port 3001","timestamp":"2025-11-19T23:28:03.684Z"}
{"level":"info","message":"Inngest endpoint available at http://localhost:3001","timestamp":"2025-11-19T23:28:03.685Z"}
{"level":"info","message":"Connected to MongoDB Atlas","timestamp":"2025-11-19T23:28:32.719Z"}
{"level":"info","message":"Server is running on port 3001","timestamp":"2025-11-19T23:28:32.724Z"}
{"level":"info","message":"Inngest endpoint available at http://localhost:3001","timestamp":"2025-11-19T23:28:32.724Z"}
{"level":"info","message":"Connected to MongoDB Atlas","timestamp":"2025-11-19T23:32:48.262Z"}
{"level":"info","message":"Server is running on port 3001","timestamp":"2025-11-19T23:32:48.270Z"}
{"level":"info","message":"Inngest endpoint available at http://localhost:3001","timestamp":"2025-11-19T23:32:48.270Z"}
{"level":"info","message":"Connected to MongoDB Atlas","timestamp":"2025-11-19T23:33:07.077Z"}
{"level":"info","message":"Server is running on port 3001","timestamp":"2025-11-19T23:33:07.083Z"}
{"level":"info","message":"Inngest endpoint available at http://localhost:3001","timestamp":"2025-11-19T23:33:07.083Z"}
{"level":"info","message":"Connected to MongoDB Atlas","timestamp":"2025-11-19T23:33:27.136Z"}
{"level":"info","message":"Server is running on port 3001","timestamp":"2025-11-19T23:33:27.141Z"}
{"level":"info","message":"Inngest endpoint available at http://localhost:3001","timestamp":"2025-11-19T23:33:27.141Z"}
{"level":"info","message":"Connected to MongoDB Atlas","timestamp":"2025-11-19T23:47:39.859Z"}
{"level":"info","message":"Server is running on port 3001","timestamp":"2025-11-19T23:47:39.865Z"}
{"level":"info","message":"Inngest endpoint available at http://localhost:3001","timestamp":"2025-11-19T23:47:39.866Z"}
{"level":"info","message":"Connected to MongoDB Atlas","timestamp":"2025-11-19T23:47:59.001Z"}
{"level":"info","message":"Server is running on port 3001","timestamp":"2025-11-19T23:47:59.005Z"}
{"level":"info","message":"Inngest endpoint available at http://localhost:3001","timestamp":"2025-11-19T23:47:59.006Z"}
{"level":"info","message":"Connected to MongoDB Atlas","timestamp":"2025-11-19T23:49:06.490Z"}
{"level":"info","message":"Server is running on port 3001","timestamp":"2025-11-19T23:49:06.498Z"}
{"level":"info","message":"Inngest endpoint available at http://localhost:3001","timestamp":"2025-11-19T23:49:06.499Z"}
{"level":"info","message":"Connected to MongoDB Atlas","timestamp":"2025-11-19T23:49:26.078Z"}
{"level":"info","message":"Server is running on port 3001","timestamp":"2025-11-19T23:49:26.085Z"}
{"level":"info","message":"Inngest endpoint available at http://localhost:3001","timestamp":"2025-11-19T23:49:26.086Z"}
{"level":"info","message":"Connected to MongoDB Atlas","timestamp":"2025-11-19T23:50:16.326Z"}
{"level":"info","message":"Server is running on port 3001","timestamp":"2025-11-19T23:50:16.336Z"}
{"level":"info","message":"Inngest endpoint available at http://localhost:3001","timestamp":"2025-11-19T23:50:16.337Z"}
{"level":"info","message":"Connected to MongoDB Atlas","timestamp":"2025-11-19T23:50:23.065Z"}
{"level":"info","message":"Server is running on port 3001","timestamp":"2025-11-19T23:50:23.070Z"}
{"level":"info","message":"Inngest endpoint available at http://localhost:3001","timestamp":"2025-11-19T23:50:23.071Z"}
{"level":"info","message":"Connected to MongoDB Atlas","timestamp":"2025-11-19T23:50:54.890Z"}
{"level":"info","message":"Server is running on port 3001","timestamp":"2025-11-19T23:50:54.899Z"}
{"level":"info","message":"Inngest endpoint available at http://localhost:3001","timestamp":"2025-11-19T23:50:54.900Z"}
{"level":"info","message":"Connected to MongoDB Atlas","timestamp":"2025-11-19T23:51:05.088Z"}
{"level":"info","message":"Server is running on port 3001","timestamp":"2025-11-19T23:51:05.092Z"}
{"level":"info","message":"Inngest endpoint available at http://localhost:3001","timestamp":"2025-11-19T23:51:05.093Z"}
{"level":"info","message":"Connected to MongoDB Atlas","timestamp":"2025-11-19T23:52:05.588Z"}
{"level":"info","message":"Server is running on port 3001","timestamp":"2025-11-19T23:52:05.594Z"}
{"level":"info","message":"Inngest endpoint available at http://localhost:3001","timestamp":"2025-11-19T23:52:05.594Z"}
{"level":"info","message":"Connected to MongoDB Atlas","timestamp":"2025-11-20T00:03:45.738Z"}
{"level":"info","message":"Server is running on port 3001","timestamp":"2025-11-20T00:03:45.742Z"}
{"level":"info","message":"Inngest endpoint available at http://localhost:3001","timestamp":"2025-11-20T00:03:45.742Z"}
{"level":"info","message":"Connected to MongoDB Atlas","timestamp":"2025-11-20T00:04:01.747Z"}
{"level":"info","message":"Server is running on port 3001","timestamp":"2025-11-20T00:04:01.752Z"}
{"level":"info","message":"Inngest endpoint available at http://localhost:3001","timestamp":"2025-11-20T00:04:01.752Z"}
{"level":"info","message":"Connected to MongoDB Atlas","timestamp":"2025-11-20T00:11:38.972Z"}
{"level":"info","message":"Server is running on port 3001","timestamp":"2025-11-20T00:11:38.982Z"}
{"level":"info","message":"Inngest endpoint available at http://localhost:3001","timestamp":"2025-11-20T00:11:38.983Z"}
{"level":"info","message":"Connected to MongoDB Atlas","timestamp":"2025-11-20T00:12:21.722Z"}
{"level":"info","message":"Server is running on port 3001","timestamp":"2025-11-20T00:12:21.726Z"}
{"level":"info","message":"Inngest endpoint available at http://localhost:3001","timestamp":"2025-11-20T00:12:21.726Z"}
{"level":"info","message":"Connected to MongoDB Atlas","timestamp":"2025-11-20T00:14:33.588Z"}
{"level":"info","message":"Server is running on port 3001","timestamp":"2025-11-20T00:14:33.596Z"}
{"level":"info","message":"Inngest endpoint available at http://localhost:3001","timestamp":"2025-11-20T00:14:33.598Z"}
{"level":"info","message":"Connected to MongoDB Atlas","timestamp":"2025-11-20T00:15:05.921Z"}
{"level":"info","message":"Server is running on port 3001","timestamp":"2025-11-20T00:15:05.925Z"}
{"level":"info","message":"Inngest endpoint available at http://localhost:3001","timestamp":"2025-11-20T00:15:05.926Z"}
{"level":"info","message":"Connected to MongoDB Atlas","timestamp":"2025-11-20T00:20:58.370Z"}
{"level":"info","message":"Server is running on port 3001","timestamp":"2025-11-20T00:20:58.375Z"}
{"level":"info","message":"Inngest endpoint available at http://localhost:3001","timestamp":"2025-11-20T00:20:58.376Z"}
{"level":"info","message":"Connected to MongoDB Atlas","timestamp":"2025-11-20T00:23:19.219Z"}
{"level":"info","message":"Server is running on port 3001","timestamp":"2025-11-20T00:23:19.225Z"}
{"level":"info","message":"Inngest endpoint available at http://localhost:3001","timestamp":"2025-11-20T00:23:19.226Z"}
{"level":"info","message":"Connected to MongoDB Atlas","timestamp":"2025-11-20T00:23:54.932Z"}
{"level":"info","message":"Server is running on port 3001","timestamp":"2025-11-20T00:23:54.941Z"}
{"level":"info","message":"Inngest endpoint available at http://localhost:3001","timestamp":"2025-11-20T00:23:54.942Z"}
{"level":"info","message":"Connected to MongoDB Atlas","timestamp":"2025-11-20T00:24:26.753Z"}
{"level":"info","message":"Server is running on port 3001","timestamp":"2025-11-20T00:24:26.758Z"}
{"level":"info","message":"Inngest endpoint available at http://localhost:3001","timestamp":"2025-11-20T00:24:26.758Z"}
{"level":"info","message":"Connected to MongoDB Atlas","timestamp":"2025-11-20T00:25:52.464Z"}
{"level":"info","message":"Server is running on port 3001","timestamp":"2025-11-20T00:25:52.469Z"}
{"level":"info","message":"Inngest endpoint available at http://localhost:3001","timestamp":"2025-11-20T00:25:52.469Z"}
{"level":"info","message":"Connected to MongoDB Atlas","timestamp":"2025-11-20T00:26:41.268Z"}
{"level":"info","message":"Server is running on port 3001","timestamp":"2025-11-20T00:26:41.272Z"}
{"level":"info","message":"Inngest endpoint available at http://localhost:3001","timestamp":"2025-11-20T00:26:41.272Z"}
{"level":"info","message":"Connected to MongoDB Atlas","timestamp":"2025-11-20T00:41:02.767Z"}
{"level":"info","message":"Connected to MongoDB Atlas","timestamp":"2025-11-20T00:41:02.770Z"}
{"level":"info","message":"Server is running on port 3001","timestamp":"2025-11-20T00:41:02.794Z"}
{"level":"info","message":"Inngest endpoint available at http://localhost:3001","timestamp":"2025-11-20T00:41:02.795Z"}
{"level":"info","message":"Server is running on port 3001","timestamp":"2025-11-20T00:41:02.795Z"}
{"level":"info","message":"Inngest endpoint available at http://localhost:3001","timestamp":"2025-11-20T00:41:02.795Z"}
{"level":"info","message":"Connected to MongoDB Atlas","timestamp":"2025-11-20T00:41:02.827Z"}
{"level":"info","message":"Server is running on port 3001","timestamp":"2025-11-20T00:41:02.846Z"}
{"level":"info","message":"Inngest endpoint available at http://localhost:3001","timestamp":"2025-11-20T00:41:02.858Z"}
{"level":"info","message":"Connected to MongoDB Atlas","timestamp":"2025-11-20T00:42:02.049Z"}
{"level":"info","message":"Server is running on port 3001","timestamp":"2025-11-20T00:42:02.053Z"}
{"level":"info","message":"Inngest endpoint available at http://localhost:3001","timestamp":"2025-11-20T00:42:02.053Z"}
{"level":"info","message":"Connected to MongoDB Atlas","timestamp":"2025-11-20T00:42:02.351Z"}
{"level":"info","message":"Server is running on port 3001","timestamp":"2025-11-20T00:42:02.354Z"}
{"level":"info","message":"Inngest endpoint available at http://localhost:3001","timestamp":"2025-11-20T00:42:02.355Z"}
{"level":"info","message":"Connected to MongoDB Atlas","timestamp":"2025-11-20T00:42:02.383Z"}
{"level":"info","message":"Server is running on port 3001","timestamp":"2025-11-20T00:42:02.388Z"}
{"level":"info","message":"Inngest endpoint available at http://localhost:3001","timestamp":"2025-11-20T00:42:02.388Z"}
{"level":"info","message":"Connected to MongoDB Atlas","timestamp":"2025-11-20T00:44:15.706Z"}
{"level":"info","message":"Server is running on port 3001","timestamp":"2025-11-20T00:44:15.711Z"}
{"level":"info","message":"Inngest endpoint available at http://localhost:3001","timestamp":"2025-11-20T00:44:15.711Z"}
{"level":"info","message":"Connected to MongoDB Atlas","timestamp":"2025-11-20T00:55:54.793Z"}
{"level":"info","message":"Server is running on port 3001","timestamp":"2025-11-20T00:55:54.797Z"}
{"level":"info","message":"Inngest endpoint available at http://localhost:3001","timestamp":"2025-11-20T00:55:54.797Z"}
{"level":"info","message":"Connected to MongoDB Atlas","timestamp":"2025-11-20T00:56:37.341Z"}
{"level":"info","message":"Server is running on port 3001","timestamp":"2025-11-20T00:56:37.345Z"}
{"level":"info","message":"Inngest endpoint available at http://localhost:3001","timestamp":"2025-11-20T00:56:37.346Z"}
{"level":"info","message":"Connected to MongoDB Atlas","timestamp":"2025-11-20T00:56:37.364Z"}
{"level":"info","message":"Server is running on port 3001","timestamp":"2025-11-20T00:56:37.368Z"}
{"level":"info","message":"Inngest endpoint available at http://localhost:3001","timestamp":"2025-11-20T00:56:37.368Z"}
{"level":"info","message":"Connected to MongoDB Atlas","timestamp":"2025-11-20T00:56:37.465Z"}
{"level":"info","message":"Server is running on port 3001","timestamp":"2025-11-20T00:56:37.468Z"}
{"level":"info","message":"Inngest endpoint available at http://localhost:3001","timestamp":"2025-11-20T00:56:37.469Z"}
{"level":"info","message":"Connected to MongoDB Atlas","timestamp":"2025-11-20T00:56:37.541Z"}
{"level":"info","message":"Server is running on port 3001","timestamp":"2025-11-20T00:56:37.546Z"}
{"level":"info","message":"Inngest endpoint available at http://localhost:3001","timestamp":"2025-11-20T00:56:37.547Z"}
{"level":"info","message":"Connected to MongoDB Atlas","timestamp":"2025-11-20T00:56:37.570Z"}
{"level":"info","message":"Server is running on port 3001","timestamp":"2025-11-20T00:56:37.575Z"}
{"level":"info","message":"Inngest endpoint available at http://localhost:3001","timestamp":"2025-11-20T00:56:37.575Z"}
{"level":"info","message":"Registering routes...","timestamp":"2025-11-20T01:00:48.820Z"}
{"level":"info","message":"Auth routes registered at /auth","timestamp":"2025-11-20T01:00:48.836Z"}
{"level":"info","message":"All routes registered","timestamp":"2025-11-20T01:00:48.840Z"}
{"level":"info","message":"Registering routes...","timestamp":"2025-11-20T01:00:49.090Z"}
{"level":"info","message":"Auth routes registered at /auth","timestamp":"2025-11-20T01:00:49.109Z"}
{"level":"info","message":"All routes registered","timestamp":"2025-11-20T01:00:49.115Z"}
{"level":"info","message":"Registering routes...","timestamp":"2025-11-20T01:00:49.421Z"}
{"level":"info","message":"Connected to MongoDB Atlas","timestamp":"2025-11-20T01:00:49.584Z"}
{"level":"info","message":"Server is running on port 3001","timestamp":"2025-11-20T01:00:49.596Z"}
{"level":"info","message":"Health check: http://localhost:3001/","timestamp":"2025-11-20T01:00:49.598Z"}
{"level":"info","message":"Auth register: http://localhost:3001/auth/register","timestamp":"2025-11-20T01:00:49.599Z"}
{"level":"info","message":"Inngest endpoint available at http://localhost:3001/api/inngest","timestamp":"2025-11-20T01:00:49.600Z"}
{"level":"info","message":"Auth routes registered at /auth","timestamp":"2025-11-20T01:00:49.438Z"}
{"level":"info","message":"All routes registered","timestamp":"2025-11-20T01:00:49.445Z"}
{"level":"info","message":"Registering routes...","timestamp":"2025-11-20T01:00:49.678Z"}
{"level":"info","message":"Auth routes registered at /auth","timestamp":"2025-11-20T01:00:49.697Z"}
{"level":"info","message":"All routes registered","timestamp":"2025-11-20T01:00:49.700Z"}
{"level":"info","message":"Connected to MongoDB Atlas","timestamp":"2025-11-20T01:00:49.786Z"}
{"level":"info","message":"Server is running on port 3001","timestamp":"2025-11-20T01:00:49.801Z"}
{"level":"info","message":"Health check: http://localhost:3001/","timestamp":"2025-11-20T01:00:49.803Z"}
{"level":"info","message":"Auth register: http://localhost:3001/auth/register","timestamp":"2025-11-20T01:00:49.804Z"}
{"level":"info","message":"Inngest endpoint available at http://localhost:3001/api/inngest","timestamp":"2025-11-20T01:00:49.805Z"}
{"level":"info","message":"Registering routes...","timestamp":"2025-11-20T01:00:49.702Z"}
{"level":"info","message":"Auth routes registered at /auth","timestamp":"2025-11-20T01:00:49.715Z"}
{"level":"info","message":"All routes registered","timestamp":"2025-11-20T01:00:49.719Z"}
{"level":"info","message":"Connected to MongoDB Atlas","timestamp":"2025-11-20T01:00:50.095Z"}
{"level":"info","message":"Server is running on port 3001","timestamp":"2025-11-20T01:00:50.097Z"}
{"level":"info","message":"Health check: http://localhost:3001/","timestamp":"2025-11-20T01:00:50.097Z"}
{"level":"info","message":"Auth register: http://localhost:3001/auth/register","timestamp":"2025-11-20T01:00:50.097Z"}
{"level":"info","message":"Inngest endpoint available at http://localhost:3001/api/inngest","timestamp":"2025-11-20T01:00:50.097Z"}
{"level":"info","message":"Connected to MongoDB Atlas","timestamp":"2025-11-20T01:00:50.287Z"}
{"level":"info","message":"Server is running on port 3001","timestamp":"2025-11-20T01:00:50.298Z"}
{"level":"info","message":"Health check: http://localhost:3001/","timestamp":"2025-11-20T01:00:50.300Z"}
{"level":"info","message":"Auth register: http://localhost:3001/auth/register","timestamp":"2025-11-20T01:00:50.301Z"}
{"level":"info","message":"Inngest endpoint available at http://localhost:3001/api/inngest","timestamp":"2025-11-20T01:00:50.301Z"}
{"level":"info","message":"Connected to MongoDB Atlas","timestamp":"2025-11-20T01:00:50.329Z"}
{"level":"info","message":"Server is running on port 3001","timestamp":"2025-11-20T01:00:50.340Z"}
{"level":"info","message":"Health check: http://localhost:3001/","timestamp":"2025-11-20T01:00:50.342Z"}
{"level":"info","message":"Auth register: http://localhost:3001/auth/register","timestamp":"2025-11-20T01:00:50.345Z"}
{"level":"info","message":"Inngest endpoint available at http://localhost:3001/api/inngest","timestamp":"2025-11-20T01:00:50.346Z"}
{"level":"info","message":"Registering routes...","timestamp":"2025-11-20T01:01:34.816Z"}
{"level":"info","message":"Auth routes registered at /auth","timestamp":"2025-11-20T01:01:34.820Z"}
{"level":"info","message":"All routes registered","timestamp":"2025-11-20T01:01:34.821Z"}
{"level":"info","message":"Server is running on port 3001","timestamp":"2025-11-20T01:01:34.845Z"}
{"level":"info","message":"Health check: http://localhost:3001/","timestamp":"2025-11-20T01:01:34.845Z"}
{"level":"info","message":"Auth register: http://localhost:3001/auth/register","timestamp":"2025-11-20T01:01:34.846Z"}
{"level":"info","message":"Inngest endpoint available at http://localhost:3001/api/inngest","timestamp":"2025-11-20T01:01:34.846Z"}
{"level":"info","message":"Registering routes...","timestamp":"2025-11-20T01:01:34.852Z"}
{"level":"info","message":"Auth routes registered at /auth","timestamp":"2025-11-20T01:01:34.856Z"}
{"level":"info","message":"All routes registered","timestamp":"2025-11-20T01:01:34.857Z"}
{"level":"info","message":"Server is running on port 3001","timestamp":"2025-11-20T01:01:34.896Z"}
{"level":"info","message":"Health check: http://localhost:3001/","timestamp":"2025-11-20T01:01:34.897Z"}
{"level":"info","message":"Auth register: http://localhost:3001/auth/register","timestamp":"2025-11-20T01:01:34.903Z"}
{"level":"info","message":"Inngest endpoint available at http://localhost:3001/api/inngest","timestamp":"2025-11-20T01:01:34.908Z"}
{"level":"info","message":"Registering routes...","timestamp":"2025-11-20T01:01:35.032Z"}
{"level":"info","message":"Auth routes registered at /auth","timestamp":"2025-11-20T01:01:35.035Z"}
{"level":"info","message":"All routes registered","timestamp":"2025-11-20T01:01:35.035Z"}
{"level":"info","message":"Server is running on port 3001","timestamp":"2025-11-20T01:01:35.049Z"}
{"level":"info","message":"Health check: http://localhost:3001/","timestamp":"2025-11-20T01:01:35.049Z"}
{"level":"info","message":"Auth register: http://localhost:3001/auth/register","timestamp":"2025-11-20T01:01:35.050Z"}
{"level":"info","message":"Inngest endpoint available at http://localhost:3001/api/inngest","timestamp":"2025-11-20T01:01:35.050Z"}
{"level":"info","message":"Registering routes...","timestamp":"2025-11-20T01:01:35.039Z"}
{"level":"info","message":"Auth routes registered at /auth","timestamp":"2025-11-20T01:01:35.042Z"}
{"level":"info","message":"All routes registered","timestamp":"2025-11-20T01:01:35.043Z"}
{"level":"info","message":"Server is running on port 3001","timestamp":"2025-11-20T01:01:35.059Z"}
{"level":"info","message":"Health check: http://localhost:3001/","timestamp":"2025-11-20T01:01:35.059Z"}
{"level":"info","message":"Auth register: http://localhost:3001/auth/register","timestamp":"2025-11-20T01:01:35.060Z"}
{"level":"info","message":"Inngest endpoint available at http://localhost:3001/api/inngest","timestamp":"2025-11-20T01:01:35.060Z"}
{"level":"info","message":"Registering routes...","timestamp":"2025-11-20T01:01:35.059Z"}
{"level":"info","message":"Auth routes registered at /auth","timestamp":"2025-11-20T01:01:35.062Z"}
{"level":"info","message":"All routes registered","timestamp":"2025-11-20T01:01:35.063Z"}
{"level":"info","message":"Server is running on port 3001","timestamp":"2025-11-20T01:01:35.108Z"}
{"level":"info","message":"Health check: http://localhost:3001/","timestamp":"2025-11-20T01:01:35.112Z"}
{"level":"info","message":"Auth register: http://localhost:3001/auth/register","timestamp":"2025-11-20T01:01:35.115Z"}
{"level":"info","message":"Inngest endpoint available at http://localhost:3001/api/inngest","timestamp":"2025-11-20T01:01:35.122Z"}
{"level":"info","message":"Connected to MongoDB Atlas","timestamp":"2025-11-20T01:01:35.408Z"}
{"level":"info","message":"Connected to MongoDB Atlas","timestamp":"2025-11-20T01:01:35.469Z"}
{"level":"info","message":"Connected to MongoDB Atlas","timestamp":"2025-11-20T01:01:35.513Z"}
{"level":"info","message":"Connected to MongoDB Atlas","timestamp":"2025-11-20T01:01:35.528Z"}
{"level":"info","message":"Connected to MongoDB Atlas","timestamp":"2025-11-20T01:01:35.575Z"}
{"level":"info","message":"Connected to MongoDB Atlas","timestamp":"2025-11-20T01:02:59.070Z"}
{"level":"info","message":"Connected to MongoDB Atlas","timestamp":"2025-11-20T01:02:59.072Z"}
{"level":"info","message":"Connected to MongoDB Atlas","timestamp":"2025-11-20T01:02:59.070Z"}
{"level":"info","message":"Server is running on port 3001","timestamp":"2025-11-20T01:02:59.074Z"}
{"level":"info","message":"Inngest endpoint available at http://localhost:3001/api/inngest","timestamp":"2025-11-20T01:02:59.075Z"}
{"level":"info","message":"Server is running on port 3001","timestamp":"2025-11-20T01:02:59.079Z"}
{"level":"info","message":"Inngest endpoint available at http://localhost:3001/api/inngest","timestamp":"2025-11-20T01:02:59.079Z"}
{"level":"info","message":"Server is running on port 3001","timestamp":"2025-11-20T01:02:59.077Z"}
{"level":"info","message":"Inngest endpoint available at http://localhost:3001/api/inngest","timestamp":"2025-11-20T01:02:59.077Z"}
{"level":"info","message":"Connected to MongoDB Atlas","timestamp":"2025-11-20T01:02:59.117Z"}
{"level":"info","message":"Server is running on port 3001","timestamp":"2025-11-20T01:02:59.121Z"}
{"level":"info","message":"Inngest endpoint available at http://localhost:3001/api/inngest","timestamp":"2025-11-20T01:02:59.122Z"}
{"level":"info","message":"Connected to MongoDB Atlas","timestamp":"2025-11-20T01:02:59.136Z"}
{"level":"info","message":"Server is running on port 3001","timestamp":"2025-11-20T01:02:59.140Z"}
{"level":"info","message":"Inngest endpoint available at http://localhost:3001/api/inngest","timestamp":"2025-11-20T01:02:59.141Z"}
{"level":"info","message":"Connected to MongoDB Atlas","timestamp":"2025-11-20T01:06:10.098Z"}
{"level":"info","message":"Server is running on port 3001","timestamp":"2025-11-20T01:06:10.101Z"}
{"level":"info","message":"Inngest endpoint available at http://localhost:3001/api/inngest","timestamp":"2025-11-20T01:06:10.102Z"}
{"level":"info","message":"Connected to MongoDB Atlas","timestamp":"2025-11-20T01:06:10.160Z"}
{"level":"info","message":"Server is running on port 3001","timestamp":"2025-11-20T01:06:10.164Z"}
{"level":"info","message":"Inngest endpoint available at http://localhost:3001/api/inngest","timestamp":"2025-11-20T01:06:10.165Z"}
{"level":"info","message":"Connected to MongoDB Atlas","timestamp":"2025-11-20T01:06:10.189Z"}
{"level":"info","message":"Server is running on port 3001","timestamp":"2025-11-20T01:06:10.194Z"}
{"level":"info","message":"Inngest endpoint available at http://localhost:3001/api/inngest","timestamp":"2025-11-20T01:06:10.194Z"}
{"level":"info","message":"Connected to MongoDB Atlas","timestamp":"2025-11-20T01:06:10.300Z"}
{"level":"info","message":"Connected to MongoDB Atlas","timestamp":"2025-11-20T01:06:10.306Z"}
{"level":"info","message":"Server is running on port 3001","timestamp":"2025-11-20T01:06:10.308Z"}
{"level":"info","message":"Inngest endpoint available at http://localhost:3001/api/inngest","timestamp":"2025-11-20T01:06:10.309Z"}
{"level":"info","message":"Server is running on port 3001","timestamp":"2025-11-20T01:06:10.311Z"}
{"level":"info","message":"Inngest endpoint available at http://localhost:3001/api/inngest","timestamp":"2025-11-20T01:06:10.313Z"}
{"level":"info","message":"Connected to MongoDB Atlas","timestamp":"2025-11-20T01:15:00.304Z"}
{"level":"info","message":"Server is running on port 3001","timestamp":"2025-11-20T01:15:00.320Z"}
{"level":"info","message":"Inngest endpoint available at http://localhost:3001/api/inngest","timestamp":"2025-11-20T01:15:00.321Z"}
{"level":"info","message":"Connected to MongoDB Atlas","timestamp":"2025-11-20T01:15:00.335Z"}
{"level":"info","message":"Connected to MongoDB Atlas","timestamp":"2025-11-20T01:15:00.333Z"}
{"level":"info","message":"Connected to MongoDB Atlas","timestamp":"2025-11-20T01:15:00.341Z"}
{"level":"info","message":"Server is running on port 3001","timestamp":"2025-11-20T01:15:00.341Z"}
{"level":"info","message":"Inngest endpoint available at http://localhost:3001/api/inngest","timestamp":"2025-11-20T01:15:00.342Z"}
{"level":"info","message":"Server is running on port 3001","timestamp":"2025-11-20T01:15:00.343Z"}
{"level":"info","message":"Inngest endpoint available at http://localhost:3001/api/inngest","timestamp":"2025-11-20T01:15:00.344Z"}
{"level":"info","message":"Server is running on port 3001","timestamp":"2025-11-20T01:15:00.352Z"}
{"level":"info","message":"Inngest endpoint available at http://localhost:3001/api/inngest","timestamp":"2025-11-20T01:15:00.354Z"}
{"level":"info","message":"Connected to MongoDB Atlas","timestamp":"2025-11-20T01:15:00.618Z"}
{"level":"info","message":"Server is running on port 3001","timestamp":"2025-11-20T01:15:00.629Z"}
{"level":"info","message":"Inngest endpoint available at http://localhost:3001/api/inngest","timestamp":"2025-11-20T01:15:00.630Z"}
{"level":"info","message":"Connected to MongoDB Atlas","timestamp":"2025-11-20T01:15:51.037Z"}
{"level":"info","message":"Server is running on port 3001","timestamp":"2025-11-20T01:15:51.054Z"}
{"level":"info","message":"Inngest endpoint available at http://localhost:3001/api/inngest","timestamp":"2025-11-20T01:15:51.056Z"}
{"level":"info","message":"Connected to MongoDB Atlas","timestamp":"2025-11-20T01:15:51.332Z"}
{"level":"info","message":"Connected to MongoDB Atlas","timestamp":"2025-11-20T01:15:51.331Z"}
{"level":"info","message":"Connected to MongoDB Atlas","timestamp":"2025-11-20T01:15:51.331Z"}
{"level":"info","message":"Connected to MongoDB Atlas","timestamp":"2025-11-20T01:15:51.341Z"}
{"level":"info","message":"Server is running on port 3001","timestamp":"2025-11-20T01:15:51.339Z"}
{"level":"info","message":"Inngest endpoint available at http://localhost:3001/api/inngest","timestamp":"2025-11-20T01:15:51.339Z"}
{"level":"info","message":"Server is running on port 3001","timestamp":"2025-11-20T01:15:51.338Z"}
{"level":"info","message":"Inngest endpoint available at http://localhost:3001/api/inngest","timestamp":"2025-11-20T01:15:51.338Z"}
{"level":"info","message":"Server is running on port 3001","timestamp":"2025-11-20T01:15:51.339Z"}
{"level":"info","message":"Inngest endpoint available at http://localhost:3001/api/inngest","timestamp":"2025-11-20T01:15:51.340Z"}
{"level":"info","message":"Server is running on port 3001","timestamp":"2025-11-20T01:15:51.347Z"}
{"level":"info","message":"Inngest endpoint available at http://localhost:3001/api/inngest","timestamp":"2025-11-20T01:15:51.347Z"}
{"level":"info","message":"Connected to MongoDB Atlas","timestamp":"2025-11-20T01:27:28.183Z"}
{"level":"info","message":"Server is running on port 3001","timestamp":"2025-11-20T01:27:28.188Z"}
{"level":"info","message":"Inngest endpoint available at http://localhost:3001/api/inngest","timestamp":"2025-11-20T01:27:28.188Z"}
{"level":"info","message":"Connected to MongoDB Atlas","timestamp":"2025-11-20T01:27:28.258Z"}
{"level":"info","message":"Server is running on port 3001","timestamp":"2025-11-20T01:27:28.272Z"}
{"level":"info","message":"Inngest endpoint available at http://localhost:3001/api/inngest","timestamp":"2025-11-20T01:27:28.272Z"}
{"level":"info","message":"Connected to MongoDB Atlas","timestamp":"2025-11-20T01:27:28.286Z"}
{"level":"info","message":"Server is running on port 3001","timestamp":"2025-11-20T01:27:28.289Z"}
{"level":"info","message":"Inngest endpoint available at http://localhost:3001/api/inngest","timestamp":"2025-11-20T01:27:28.290Z"}
{"level":"info","message":"Connected to MongoDB Atlas","timestamp":"2025-11-20T01:27:28.323Z"}
{"level":"info","message":"Server is running on port 3001","timestamp":"2025-11-20T01:27:28.328Z"}
{"level":"info","message":"Inngest endpoint available at http://localhost:3001/api/inngest","timestamp":"2025-11-20T01:27:28.328Z"}
{"level":"info","message":"Connected to MongoDB Atlas","timestamp":"2025-11-20T01:27:28.374Z"}
{"level":"info","message":"Server is running on port 3001","timestamp":"2025-11-20T01:27:28.379Z"}
{"level":"info","message":"Inngest endpoint available at http://localhost:3001/api/inngest","timestamp":"2025-11-20T01:27:28.380Z"}
